<?xml version="1.0" encoding="UTF-8" ?>
<testsuite failures="0" time="0" errors="0" skipped="0" tests="1" name="bj.zm.kafka.AppTest">
  <properties>
    <property name="java.runtime.name" value="Java(TM) SE Runtime Environment"/>
    <property name="sun.boot.library.path" value="e:\Users\lenovo\AppData\Local\MyEclipse\Common\binary\com.sun.java.jdk.win32.x86_64_1.6.0.013\jre\bin"/>
    <property name="java.vm.version" value="11.3-b02"/>
    <property name="java.vm.vendor" value="Sun Microsystems Inc."/>
    <property name="java.vendor.url" value="http://java.sun.com/"/>
    <property name="path.separator" value=";"/>
    <property name="java.vm.name" value="Java HotSpot(TM) 64-Bit Server VM"/>
    <property name="file.encoding.pkg" value="sun.io"/>
    <property name="user.country" value="CN"/>
    <property name="sun.java.launcher" value="SUN_STANDARD"/>
    <property name="sun.os.patch.level" value="Service Pack 1"/>
    <property name="java.vm.specification.name" value="Java Virtual Machine Specification"/>
    <property name="user.dir" value="E:\Users\lenovo\Workspaces\MyEclipse 10\kafka"/>
    <property name="java.runtime.version" value="1.6.0_13-b03"/>
    <property name="java.awt.graphicsenv" value="sun.awt.Win32GraphicsEnvironment"/>
    <property name="basedir" value="E:\Users\lenovo\Workspaces\MyEclipse 10\kafka"/>
    <property name="java.endorsed.dirs" value="e:\Users\lenovo\AppData\Local\MyEclipse\Common\binary\com.sun.java.jdk.win32.x86_64_1.6.0.013\jre\lib\endorsed"/>
    <property name="os.arch" value="amd64"/>
    <property name="surefire.real.class.path" value="E:\Users\lenovo\Workspaces\MyEclipse 10\kafka\target\surefire\surefirebooter1671971133840337801.jar"/>
    <property name="java.io.tmpdir" value="C:\Users\lenovo\AppData\Local\Temp\"/>
    <property name="line.separator" value="
"/>
    <property name="java.vm.specification.vendor" value="Sun Microsystems Inc."/>
    <property name="user.variant" value=""/>
    <property name="os.name" value="Windows Vista"/>
    <property name="sun.jnu.encoding" value="GBK"/>
    <property name="java.library.path" value="e:\Users\lenovo\AppData\Local\MyEclipse\Common\binary\com.sun.java.jdk.win32.x86_64_1.6.0.013\jre\bin;.;C:\Windows\Sun\Java\bin;C:\Windows\system32;C:\Windows;e:\Users\lenovo\AppData\Local\MyEclipse\Common\binary\com.sun.java.jdk.win32.x86_64_1.6.0.013\jre\bin;E:\oracle\product\10.2.0\db_1\bin;C:\Windows\system32;C:\Windows;C:\Windows\System32\Wbem;C:\Windows\System32\WindowsPowerShell\v1.0\;C:\Program Files\Lenovo\Fingerprint Manager Pro\;C:\Program Files (x86)\Microsoft SQL Server\100\Tools\Binn\;C:\Program Files\Microsoft SQL Server\100\Tools\Binn\;C:\Program Files\Microsoft SQL Server\100\DTS\Binn\;C:\Program Files\Java\jdk1.6.0_29\jre\bin;C:\Program Files\VanDyke Software\SecureFX\;C:\Program Files (x86)\SSH Communications Security\SSH Secure Shell;.;;.;;.;"/>
    <property name="surefire.test.class.path" value="E:\Users\lenovo\Workspaces\MyEclipse 10\kafka\target\test-classes;E:\Users\lenovo\Workspaces\MyEclipse 10\kafka\target\classes;C:\Users\lenovo\.m2\repository\junit\junit\3.8.1\junit-3.8.1.jar;C:\Users\lenovo\.m2\repository\org\apache\httpcomponents\httpclient\4.3.5\httpclient-4.3.5.jar;C:\Users\lenovo\.m2\repository\org\apache\httpcomponents\httpcore\4.3.2\httpcore-4.3.2.jar;C:\Users\lenovo\.m2\repository\commons-logging\commons-logging\1.1.3\commons-logging-1.1.3.jar;C:\Users\lenovo\.m2\repository\commons-codec\commons-codec\1.6\commons-codec-1.6.jar;C:\Users\lenovo\.m2\repository\org\apache\httpcomponents\httpmime\4.3.5\httpmime-4.3.5.jar;C:\Users\lenovo\.m2\repository\org\apache\kafka\kafka_2.11\0.9.0.0\kafka_2.11-0.9.0.0.jar;C:\Users\lenovo\.m2\repository\com\101tec\zkclient\0.7\zkclient-0.7.jar;C:\Users\lenovo\.m2\repository\org\slf4j\slf4j-api\1.6.1\slf4j-api-1.6.1.jar;C:\Users\lenovo\.m2\repository\log4j\log4j\1.2.15\log4j-1.2.15.jar;C:\Users\lenovo\.m2\repository\javax\mail\mail\1.4\mail-1.4.jar;C:\Users\lenovo\.m2\repository\javax\activation\activation\1.1\activation-1.1.jar;C:\Users\lenovo\.m2\repository\com\yammer\metrics\metrics-core\2.2.0\metrics-core-2.2.0.jar;C:\Users\lenovo\.m2\repository\org\scala-lang\modules\scala-xml_2.11\1.0.4\scala-xml_2.11-1.0.4.jar;C:\Users\lenovo\.m2\repository\org\scala-lang\scala-library\2.11.7\scala-library-2.11.7.jar;C:\Users\lenovo\.m2\repository\org\scala-lang\modules\scala-parser-combinators_2.11\1.0.4\scala-parser-combinators_2.11-1.0.4.jar;C:\Users\lenovo\.m2\repository\org\apache\kafka\kafka-clients\0.9.0.0\kafka-clients-0.9.0.0.jar;C:\Users\lenovo\.m2\repository\org\xerial\snappy\snappy-java\1.1.1.7\snappy-java-1.1.1.7.jar;C:\Users\lenovo\.m2\repository\net\jpountz\lz4\lz4\1.2.0\lz4-1.2.0.jar;C:\Users\lenovo\.m2\repository\net\sf\jopt-simple\jopt-simple\3.2\jopt-simple-3.2.jar;C:\Users\lenovo\.m2\repository\org\slf4j\slf4j-log4j12\1.7.6\slf4j-log4j12-1.7.6.jar;C:\Users\lenovo\.m2\repository\org\apache\zookeeper\zookeeper\3.4.6\zookeeper-3.4.6.jar;C:\Users\lenovo\.m2\repository\jline\jline\0.9.94\jline-0.9.94.jar;C:\Users\lenovo\.m2\repository\io\netty\netty\3.7.0.Final\netty-3.7.0.Final.jar;"/>
    <property name="java.specification.name" value="Java Platform API Specification"/>
    <property name="java.class.version" value="50.0"/>
    <property name="sun.management.compiler" value="HotSpot 64-Bit Server Compiler"/>
    <property name="os.version" value="6.1"/>
    <property name="user.home" value="C:\Users\lenovo"/>
    <property name="user.timezone" value=""/>
    <property name="java.awt.printerjob" value="sun.awt.windows.WPrinterJob"/>
    <property name="java.specification.version" value="1.6"/>
    <property name="file.encoding" value="GBK"/>
    <property name="user.name" value="lenovo"/>
    <property name="java.class.path" value="E:\Users\lenovo\Workspaces\MyEclipse 10\kafka\target\test-classes;E:\Users\lenovo\Workspaces\MyEclipse 10\kafka\target\classes;C:\Users\lenovo\.m2\repository\junit\junit\3.8.1\junit-3.8.1.jar;C:\Users\lenovo\.m2\repository\org\apache\httpcomponents\httpclient\4.3.5\httpclient-4.3.5.jar;C:\Users\lenovo\.m2\repository\org\apache\httpcomponents\httpcore\4.3.2\httpcore-4.3.2.jar;C:\Users\lenovo\.m2\repository\commons-logging\commons-logging\1.1.3\commons-logging-1.1.3.jar;C:\Users\lenovo\.m2\repository\commons-codec\commons-codec\1.6\commons-codec-1.6.jar;C:\Users\lenovo\.m2\repository\org\apache\httpcomponents\httpmime\4.3.5\httpmime-4.3.5.jar;C:\Users\lenovo\.m2\repository\org\apache\kafka\kafka_2.11\0.9.0.0\kafka_2.11-0.9.0.0.jar;C:\Users\lenovo\.m2\repository\com\101tec\zkclient\0.7\zkclient-0.7.jar;C:\Users\lenovo\.m2\repository\org\slf4j\slf4j-api\1.6.1\slf4j-api-1.6.1.jar;C:\Users\lenovo\.m2\repository\log4j\log4j\1.2.15\log4j-1.2.15.jar;C:\Users\lenovo\.m2\repository\javax\mail\mail\1.4\mail-1.4.jar;C:\Users\lenovo\.m2\repository\javax\activation\activation\1.1\activation-1.1.jar;C:\Users\lenovo\.m2\repository\com\yammer\metrics\metrics-core\2.2.0\metrics-core-2.2.0.jar;C:\Users\lenovo\.m2\repository\org\scala-lang\modules\scala-xml_2.11\1.0.4\scala-xml_2.11-1.0.4.jar;C:\Users\lenovo\.m2\repository\org\scala-lang\scala-library\2.11.7\scala-library-2.11.7.jar;C:\Users\lenovo\.m2\repository\org\scala-lang\modules\scala-parser-combinators_2.11\1.0.4\scala-parser-combinators_2.11-1.0.4.jar;C:\Users\lenovo\.m2\repository\org\apache\kafka\kafka-clients\0.9.0.0\kafka-clients-0.9.0.0.jar;C:\Users\lenovo\.m2\repository\org\xerial\snappy\snappy-java\1.1.1.7\snappy-java-1.1.1.7.jar;C:\Users\lenovo\.m2\repository\net\jpountz\lz4\lz4\1.2.0\lz4-1.2.0.jar;C:\Users\lenovo\.m2\repository\net\sf\jopt-simple\jopt-simple\3.2\jopt-simple-3.2.jar;C:\Users\lenovo\.m2\repository\org\slf4j\slf4j-log4j12\1.7.6\slf4j-log4j12-1.7.6.jar;C:\Users\lenovo\.m2\repository\org\apache\zookeeper\zookeeper\3.4.6\zookeeper-3.4.6.jar;C:\Users\lenovo\.m2\repository\jline\jline\0.9.94\jline-0.9.94.jar;C:\Users\lenovo\.m2\repository\io\netty\netty\3.7.0.Final\netty-3.7.0.Final.jar;"/>
    <property name="java.vm.specification.version" value="1.0"/>
    <property name="sun.arch.data.model" value="64"/>
    <property name="java.home" value="e:\Users\lenovo\AppData\Local\MyEclipse\Common\binary\com.sun.java.jdk.win32.x86_64_1.6.0.013\jre"/>
    <property name="java.specification.vendor" value="Sun Microsystems Inc."/>
    <property name="user.language" value="zh"/>
    <property name="awt.toolkit" value="sun.awt.windows.WToolkit"/>
    <property name="java.vm.info" value="mixed mode"/>
    <property name="java.version" value="1.6.0_13"/>
    <property name="java.ext.dirs" value="e:\Users\lenovo\AppData\Local\MyEclipse\Common\binary\com.sun.java.jdk.win32.x86_64_1.6.0.013\jre\lib\ext;C:\Windows\Sun\Java\lib\ext"/>
    <property name="sun.boot.class.path" value="e:\Users\lenovo\AppData\Local\MyEclipse\Common\binary\com.sun.java.jdk.win32.x86_64_1.6.0.013\jre\lib\resources.jar;e:\Users\lenovo\AppData\Local\MyEclipse\Common\binary\com.sun.java.jdk.win32.x86_64_1.6.0.013\jre\lib\rt.jar;e:\Users\lenovo\AppData\Local\MyEclipse\Common\binary\com.sun.java.jdk.win32.x86_64_1.6.0.013\jre\lib\sunrsasign.jar;e:\Users\lenovo\AppData\Local\MyEclipse\Common\binary\com.sun.java.jdk.win32.x86_64_1.6.0.013\jre\lib\jsse.jar;e:\Users\lenovo\AppData\Local\MyEclipse\Common\binary\com.sun.java.jdk.win32.x86_64_1.6.0.013\jre\lib\jce.jar;e:\Users\lenovo\AppData\Local\MyEclipse\Common\binary\com.sun.java.jdk.win32.x86_64_1.6.0.013\jre\lib\charsets.jar;e:\Users\lenovo\AppData\Local\MyEclipse\Common\binary\com.sun.java.jdk.win32.x86_64_1.6.0.013\jre\classes"/>
    <property name="java.vendor" value="Sun Microsystems Inc."/>
    <property name="localRepository" value="C:\Users\lenovo\.m2\repository"/>
    <property name="file.separator" value="\"/>
    <property name="java.vendor.url.bug" value="http://java.sun.com/cgi-bin/bugreport.cgi"/>
    <property name="sun.cpu.endian" value="little"/>
    <property name="sun.io.unicode.encoding" value="UnicodeLittle"/>
    <property name="sun.desktop" value="windows"/>
    <property name="sun.cpu.isalist" value="amd64"/>
  </properties>
  <testcase time="0" classname="bj.zm.kafka.AppTest" name="testApp"/>
</testsuite>